[Thu Sep 28 19:47:11.468386 2023] [ssl:warn] [pid 10560:tid 344] AH01909: www.example.com:443:0 server certificate does NOT include an ID which matches the server name
[Thu Sep 28 19:47:11.508150 2023] [ssl:warn] [pid 10560:tid 344] AH01909: www.example.com:443:0 server certificate does NOT include an ID which matches the server name
[Thu Sep 28 19:47:11.549651 2023] [mpm_winnt:notice] [pid 10560:tid 344] AH00455: Apache/2.4.56 (Win64) OpenSSL/1.1.1t PHP/8.2.4 configured -- resuming normal operations
[Thu Sep 28 19:47:11.549651 2023] [mpm_winnt:notice] [pid 10560:tid 344] AH00456: Apache Lounge VS16 Server built: Mar  7 2023 13:21:03
[Thu Sep 28 19:47:11.549651 2023] [core:notice] [pid 10560:tid 344] AH00094: Command line: 'C:\\xampp\\apache\\bin\\httpd.exe -d C:/xampp/apache'
[Thu Sep 28 19:47:11.549651 2023] [mpm_winnt:notice] [pid 10560:tid 344] AH00418: Parent: Created child process 16988
[Thu Sep 28 19:47:11.915883 2023] [ssl:warn] [pid 16988:tid 336] AH01909: www.example.com:443:0 server certificate does NOT include an ID which matches the server name
[Thu Sep 28 19:47:11.937947 2023] [ssl:warn] [pid 16988:tid 336] AH01909: www.example.com:443:0 server certificate does NOT include an ID which matches the server name
[Thu Sep 28 19:47:11.972922 2023] [mpm_winnt:notice] [pid 16988:tid 336] AH00354: Child: Starting 150 worker threads.
[Thu Sep 28 19:47:33.890091 2023] [ssl:warn] [pid 12844:tid 368] AH01909: www.example.com:443:0 server certificate does NOT include an ID which matches the server name
[Thu Sep 28 19:47:33.928361 2023] [ssl:warn] [pid 12844:tid 368] AH01909: www.example.com:443:0 server certificate does NOT include an ID which matches the server name
[Thu Sep 28 19:47:33.958141 2023] [mpm_winnt:notice] [pid 12844:tid 368] AH00455: Apache/2.4.56 (Win64) OpenSSL/1.1.1t PHP/8.2.4 configured -- resuming normal operations
[Thu Sep 28 19:47:33.958141 2023] [mpm_winnt:notice] [pid 12844:tid 368] AH00456: Apache Lounge VS16 Server built: Mar  7 2023 13:21:03
[Thu Sep 28 19:47:33.958141 2023] [core:notice] [pid 12844:tid 368] AH00094: Command line: 'c:\\xampp\\apache\\bin\\httpd.exe -d C:/xampp/apache'
[Thu Sep 28 19:47:33.958141 2023] [mpm_winnt:notice] [pid 12844:tid 368] AH00418: Parent: Created child process 7804
[Thu Sep 28 19:47:34.188142 2023] [ssl:warn] [pid 7804:tid 356] AH01909: www.example.com:443:0 server certificate does NOT include an ID which matches the server name
[Thu Sep 28 19:47:34.218184 2023] [ssl:warn] [pid 7804:tid 356] AH01909: www.example.com:443:0 server certificate does NOT include an ID which matches the server name
[Thu Sep 28 19:47:34.258098 2023] [mpm_winnt:notice] [pid 7804:tid 356] AH00354: Child: Starting 150 worker threads.
[Thu Sep 28 19:48:46.349260 2023] [ssl:warn] [pid 12708:tid 356] AH01909: www.example.com:443:0 server certificate does NOT include an ID which matches the server name
[Thu Sep 28 19:48:46.380730 2023] [core:warn] [pid 12708:tid 356] AH00098: pid file C:/xampp/apache/logs/httpd.pid overwritten -- Unclean shutdown of previous Apache run?
[Thu Sep 28 19:48:46.380730 2023] [ssl:warn] [pid 12708:tid 356] AH01909: www.example.com:443:0 server certificate does NOT include an ID which matches the server name
[Thu Sep 28 19:48:46.413056 2023] [mpm_winnt:notice] [pid 12708:tid 356] AH00455: Apache/2.4.56 (Win64) OpenSSL/1.1.1t PHP/8.2.4 configured -- resuming normal operations
[Thu Sep 28 19:48:46.413056 2023] [mpm_winnt:notice] [pid 12708:tid 356] AH00456: Apache Lounge VS16 Server built: Mar  7 2023 13:21:03
[Thu Sep 28 19:48:46.413056 2023] [core:notice] [pid 12708:tid 356] AH00094: Command line: 'c:\\xampp\\apache\\bin\\httpd.exe -d C:/xampp/apache'
[Thu Sep 28 19:48:46.418153 2023] [mpm_winnt:notice] [pid 12708:tid 356] AH00418: Parent: Created child process 8044
[Thu Sep 28 19:48:46.635621 2023] [ssl:warn] [pid 8044:tid 336] AH01909: www.example.com:443:0 server certificate does NOT include an ID which matches the server name
[Thu Sep 28 19:48:46.668684 2023] [ssl:warn] [pid 8044:tid 336] AH01909: www.example.com:443:0 server certificate does NOT include an ID which matches the server name
[Thu Sep 28 19:48:46.699651 2023] [mpm_winnt:notice] [pid 8044:tid 336] AH00354: Child: Starting 150 worker threads.
[Thu Sep 28 19:57:35.807398 2023] [ssl:warn] [pid 1612:tid 344] AH01909: www.example.com:443:0 server certificate does NOT include an ID which matches the server name
[Thu Sep 28 19:57:35.839935 2023] [core:warn] [pid 1612:tid 344] AH00098: pid file C:/xampp/apache/logs/httpd.pid overwritten -- Unclean shutdown of previous Apache run?
[Thu Sep 28 19:57:35.839935 2023] [ssl:warn] [pid 1612:tid 344] AH01909: www.example.com:443:0 server certificate does NOT include an ID which matches the server name
[Thu Sep 28 19:57:35.879379 2023] [mpm_winnt:notice] [pid 1612:tid 344] AH00455: Apache/2.4.56 (Win64) OpenSSL/1.1.1t PHP/8.2.4 configured -- resuming normal operations
[Thu Sep 28 19:57:35.879379 2023] [mpm_winnt:notice] [pid 1612:tid 344] AH00456: Apache Lounge VS16 Server built: Mar  7 2023 13:21:03
[Thu Sep 28 19:57:35.879379 2023] [core:notice] [pid 1612:tid 344] AH00094: Command line: 'c:\\xampp\\apache\\bin\\httpd.exe -d C:/xampp/apache'
[Thu Sep 28 19:57:35.880384 2023] [mpm_winnt:notice] [pid 1612:tid 344] AH00418: Parent: Created child process 15704
[Thu Sep 28 19:57:36.147129 2023] [ssl:warn] [pid 15704:tid 352] AH01909: www.example.com:443:0 server certificate does NOT include an ID which matches the server name
[Thu Sep 28 19:57:36.186873 2023] [ssl:warn] [pid 15704:tid 352] AH01909: www.example.com:443:0 server certificate does NOT include an ID which matches the server name
[Thu Sep 28 19:57:36.227241 2023] [mpm_winnt:notice] [pid 15704:tid 352] AH00354: Child: Starting 150 worker threads.
[Thu Sep 28 19:59:35.407075 2023] [php:warn] [pid 15704:tid 1908] [client ::1:61050] PHP Warning:  Undefined array key "login_name" in C:\\xampp\\htdocs\\house_rental\\topbar.php on line 23
[Thu Sep 28 19:59:35.407075 2023] [php:warn] [pid 15704:tid 1908] [client ::1:61050] PHP Warning:  Undefined array key "login_id" in C:\\xampp\\htdocs\\house_rental\\topbar.php on line 36
[Thu Sep 28 19:59:35.430193 2023] [php:warn] [pid 15704:tid 1908] [client ::1:61050] PHP Warning:  Undefined array key "system" in C:\\xampp\\htdocs\\house_rental\\navbar.php on line 7
[Thu Sep 28 19:59:35.430193 2023] [php:warn] [pid 15704:tid 1908] [client ::1:61050] PHP Warning:  Trying to access array offset on value of type null in C:\\xampp\\htdocs\\house_rental\\navbar.php on line 7
[Thu Sep 28 19:59:35.430193 2023] [php:warn] [pid 15704:tid 1908] [client ::1:61050] PHP Warning:  Undefined array key "login_type" in C:\\xampp\\htdocs\\house_rental\\navbar.php on line 20
[Thu Sep 28 19:59:35.494217 2023] [php:warn] [pid 15704:tid 1908] [client ::1:61050] PHP Warning:  Undefined array key "login_name" in C:\\xampp\\htdocs\\house_rental\\home.php on line 44
[Thu Sep 28 20:05:16.811647 2023] [ssl:warn] [pid 21428:tid 396] AH01909: www.example.com:443:0 server certificate does NOT include an ID which matches the server name
[Thu Sep 28 20:05:16.845156 2023] [core:warn] [pid 21428:tid 396] AH00098: pid file C:/xampp/apache/logs/httpd.pid overwritten -- Unclean shutdown of previous Apache run?
[Thu Sep 28 20:05:16.846243 2023] [ssl:warn] [pid 21428:tid 396] AH01909: www.example.com:443:0 server certificate does NOT include an ID which matches the server name
[Thu Sep 28 20:05:16.880426 2023] [mpm_winnt:notice] [pid 21428:tid 396] AH00455: Apache/2.4.56 (Win64) OpenSSL/1.1.1t PHP/8.2.4 configured -- resuming normal operations
[Thu Sep 28 20:05:16.880426 2023] [mpm_winnt:notice] [pid 21428:tid 396] AH00456: Apache Lounge VS16 Server built: Mar  7 2023 13:21:03
[Thu Sep 28 20:05:16.880426 2023] [core:notice] [pid 21428:tid 396] AH00094: Command line: 'c:\\xampp\\apache\\bin\\httpd.exe -d C:/xampp/apache'
[Thu Sep 28 20:05:16.880426 2023] [mpm_winnt:notice] [pid 21428:tid 396] AH00418: Parent: Created child process 1120
[Thu Sep 28 20:05:17.119616 2023] [ssl:warn] [pid 1120:tid 348] AH01909: www.example.com:443:0 server certificate does NOT include an ID which matches the server name
[Thu Sep 28 20:05:17.149528 2023] [ssl:warn] [pid 1120:tid 348] AH01909: www.example.com:443:0 server certificate does NOT include an ID which matches the server name
[Thu Sep 28 20:05:17.191169 2023] [mpm_winnt:notice] [pid 1120:tid 348] AH00354: Child: Starting 150 worker threads.
[Thu Sep 28 20:05:22.939646 2023] [php:warn] [pid 1120:tid 1920] [client ::1:62084] PHP Warning:  Undefined array key "login_name" in C:\\xampp\\htdocs\\house_rental\\topbar.php on line 23
[Thu Sep 28 20:05:22.939646 2023] [php:warn] [pid 1120:tid 1920] [client ::1:62084] PHP Warning:  Undefined array key "login_id" in C:\\xampp\\htdocs\\house_rental\\topbar.php on line 36
[Thu Sep 28 20:05:22.939646 2023] [php:warn] [pid 1120:tid 1920] [client ::1:62084] PHP Warning:  Undefined array key "system" in C:\\xampp\\htdocs\\house_rental\\navbar.php on line 7
[Thu Sep 28 20:05:22.939646 2023] [php:warn] [pid 1120:tid 1920] [client ::1:62084] PHP Warning:  Trying to access array offset on value of type null in C:\\xampp\\htdocs\\house_rental\\navbar.php on line 7
[Thu Sep 28 20:05:22.939646 2023] [php:warn] [pid 1120:tid 1920] [client ::1:62084] PHP Warning:  Undefined array key "login_type" in C:\\xampp\\htdocs\\house_rental\\navbar.php on line 20
[Thu Sep 28 20:05:22.939646 2023] [php:warn] [pid 1120:tid 1920] [client ::1:62084] PHP Warning:  Undefined array key "login_name" in C:\\xampp\\htdocs\\house_rental\\home.php on line 44
[Thu Sep 28 20:07:32.716497 2023] [php:warn] [pid 1120:tid 1904] [client ::1:62481] PHP Warning:  Undefined array key "login_name" in C:\\xampp\\htdocs\\house_rental\\topbar.php on line 23
[Thu Sep 28 20:07:32.716497 2023] [php:warn] [pid 1120:tid 1904] [client ::1:62481] PHP Warning:  Undefined array key "login_id" in C:\\xampp\\htdocs\\house_rental\\topbar.php on line 36
[Thu Sep 28 20:07:32.717516 2023] [php:warn] [pid 1120:tid 1904] [client ::1:62481] PHP Warning:  Undefined array key "login_type" in C:\\xampp\\htdocs\\house_rental\\navbar.php on line 20
[Thu Sep 28 20:07:32.734501 2023] [php:warn] [pid 1120:tid 1904] [client ::1:62481] PHP Warning:  Undefined array key "login_name" in C:\\xampp\\htdocs\\house_rental\\home.php on line 44
[Thu Sep 28 20:07:45.889356 2023] [php:warn] [pid 1120:tid 1904] [client ::1:62504] PHP Warning:  Undefined variable $type in C:\\xampp\\htdocs\\house_rental\\admin_class.php on line 92, referer: http://localhost/house_rental/index.php?page=home
[Thu Sep 28 20:07:45.889356 2023] [php:warn] [pid 1120:tid 1904] [client ::1:62504] PHP Warning:  Undefined variable $type in C:\\xampp\\htdocs\\house_rental\\admin_class.php on line 93, referer: http://localhost/house_rental/index.php?page=home
[Thu Sep 28 20:07:45.889356 2023] [php:warn] [pid 1120:tid 1904] [client ::1:62504] PHP Warning:  Undefined variable $establishment_id in C:\\xampp\\htdocs\\house_rental\\admin_class.php on line 95, referer: http://localhost/house_rental/index.php?page=home
[Thu Sep 28 20:07:45.889356 2023] [php:error] [pid 1120:tid 1904] [client ::1:62504] PHP Fatal error:  Uncaught mysqli_sql_exception: Unknown column 'establishment_id' in 'field list' in C:\\xampp\\htdocs\\house_rental\\admin_class.php:104\nStack trace:\n#0 C:\\xampp\\htdocs\\house_rental\\admin_class.php(104): mysqli->query('UPDATE users se...')\n#1 C:\\xampp\\htdocs\\house_rental\\ajax.php(27): Action->save_user()\n#2 {main}\n  thrown in C:\\xampp\\htdocs\\house_rental\\admin_class.php on line 104, referer: http://localhost/house_rental/index.php?page=home
[Fri Sep 29 06:40:55.297416 2023] [ssl:warn] [pid 14908:tid 380] AH01909: www.example.com:443:0 server certificate does NOT include an ID which matches the server name
[Fri Sep 29 06:40:55.327250 2023] [core:warn] [pid 14908:tid 380] AH00098: pid file C:/xampp/apache/logs/httpd.pid overwritten -- Unclean shutdown of previous Apache run?
[Fri Sep 29 06:40:55.337658 2023] [ssl:warn] [pid 14908:tid 380] AH01909: www.example.com:443:0 server certificate does NOT include an ID which matches the server name
[Fri Sep 29 06:40:55.587571 2023] [mpm_winnt:notice] [pid 14908:tid 380] AH00455: Apache/2.4.56 (Win64) OpenSSL/1.1.1t PHP/8.2.4 configured -- resuming normal operations
[Fri Sep 29 06:40:55.587571 2023] [mpm_winnt:notice] [pid 14908:tid 380] AH00456: Apache Lounge VS16 Server built: Mar  7 2023 13:21:03
[Fri Sep 29 06:40:55.587571 2023] [core:notice] [pid 14908:tid 380] AH00094: Command line: 'c:\\xampp\\apache\\bin\\httpd.exe -d C:/xampp/apache'
[Fri Sep 29 06:40:55.595127 2023] [mpm_winnt:notice] [pid 14908:tid 380] AH00418: Parent: Created child process 6328
[Fri Sep 29 06:40:55.807562 2023] [ssl:warn] [pid 6328:tid 348] AH01909: www.example.com:443:0 server certificate does NOT include an ID which matches the server name
[Fri Sep 29 06:40:55.847427 2023] [ssl:warn] [pid 6328:tid 348] AH01909: www.example.com:443:0 server certificate does NOT include an ID which matches the server name
[Fri Sep 29 06:40:55.880344 2023] [mpm_winnt:notice] [pid 6328:tid 348] AH00354: Child: Starting 150 worker threads.
[Fri Sep 29 06:41:06.937761 2023] [php:warn] [pid 6328:tid 1944] [client ::1:49339] PHP Warning:  Undefined array key "login_name" in C:\\xampp\\htdocs\\house_rental\\topbar.php on line 23
[Fri Sep 29 06:41:06.937761 2023] [php:warn] [pid 6328:tid 1944] [client ::1:49339] PHP Warning:  Undefined array key "login_id" in C:\\xampp\\htdocs\\house_rental\\topbar.php on line 36
[Fri Sep 29 06:41:06.957714 2023] [php:warn] [pid 6328:tid 1944] [client ::1:49339] PHP Warning:  Undefined array key "system" in C:\\xampp\\htdocs\\house_rental\\navbar.php on line 7
[Fri Sep 29 06:41:06.957714 2023] [php:warn] [pid 6328:tid 1944] [client ::1:49339] PHP Warning:  Trying to access array offset on value of type null in C:\\xampp\\htdocs\\house_rental\\navbar.php on line 7
[Fri Sep 29 06:41:06.957714 2023] [php:warn] [pid 6328:tid 1944] [client ::1:49339] PHP Warning:  Undefined array key "login_type" in C:\\xampp\\htdocs\\house_rental\\navbar.php on line 20
[Fri Sep 29 06:41:07.007431 2023] [php:warn] [pid 6328:tid 1944] [client ::1:49339] PHP Warning:  Undefined array key "login_name" in C:\\xampp\\htdocs\\house_rental\\home.php on line 44
[Thu Dec 14 08:47:43.670059 2023] [ssl:warn] [pid 1588:tid 348] AH01909: www.example.com:443:0 server certificate does NOT include an ID which matches the server name
[Thu Dec 14 08:47:43.703956 2023] [core:warn] [pid 1588:tid 348] AH00098: pid file C:/xampp/apache/logs/httpd.pid overwritten -- Unclean shutdown of previous Apache run?
[Thu Dec 14 08:47:43.703956 2023] [ssl:warn] [pid 1588:tid 348] AH01909: www.example.com:443:0 server certificate does NOT include an ID which matches the server name
[Thu Dec 14 08:47:44.302981 2023] [mpm_winnt:notice] [pid 1588:tid 348] AH00455: Apache/2.4.56 (Win64) OpenSSL/1.1.1t PHP/8.2.4 configured -- resuming normal operations
[Thu Dec 14 08:47:44.302981 2023] [mpm_winnt:notice] [pid 1588:tid 348] AH00456: Apache Lounge VS16 Server built: Mar  7 2023 13:21:03
[Thu Dec 14 08:47:44.302981 2023] [core:notice] [pid 1588:tid 348] AH00094: Command line: 'c:\\xampp\\apache\\bin\\httpd.exe -d C:/xampp/apache'
[Thu Dec 14 08:47:44.302981 2023] [mpm_winnt:notice] [pid 1588:tid 348] AH00418: Parent: Created child process 11408
[Thu Dec 14 08:47:44.718897 2023] [ssl:warn] [pid 11408:tid 376] AH01909: www.example.com:443:0 server certificate does NOT include an ID which matches the server name
[Thu Dec 14 08:47:44.761348 2023] [ssl:warn] [pid 11408:tid 376] AH01909: www.example.com:443:0 server certificate does NOT include an ID which matches the server name
[Thu Dec 14 08:47:44.792841 2023] [mpm_winnt:notice] [pid 11408:tid 376] AH00354: Child: Starting 150 worker threads.
[Thu Dec 14 08:53:23.926798 2023] [mpm_winnt:crit] [pid 11408:tid 376] AH02538: Child: Parent process exited abruptly. Child process is ending
